<?xml version="1.0" encoding="UTF-8"?>
<!-- Generated by org.testng.reporters.JUnitReportReporter -->
<testsuite hostname="DESKTOP-25NQ162" failures="0" tests="3" name="Test.run1" time="6.818" errors="0" timestamp="2020-12-25T13:38:00 IST" skipped="0">
  <testcase classname="Test.run1" name="test1" time="4.258"/>
  <system-out/>
  <testcase classname="Test.run1" name="test2" time="1.144"/>
  <system-out/>
  <testcase classname="Test.run1" name="test3" time="1.416"/>
  <system-out/>
</testsuite> <!-- Test.run1 -->
